# JRE version: OpenJDK Runtime Environment (19.0.2+7) (build 19.0.2+7-Ubuntu-0ubuntu322.10)
# Java VM: OpenJDK 64-Bit Server VM (19.0.2+7-Ubuntu-0ubuntu322.10, mixed mode, sharing, tiered, compressed oops, compressed class ptrs, g1 gc, linux-amd64)
GC Precious Log:
 CardTable entry size: 512
 Card Set container configuration: InlinePtr #cards 5 size 8 Array Of Cards #cards 12 size 40 Howl #buckets 4 coarsen threshold 1843 Howl Bitmap #cards 512 size 80 coarsen threshold 460 Card regions per heap region 1 cards per card region 2048
 CPUs: 8 total, 6 available
 Memory: 3905M
 Large Page Support: Disabled
 NUMA Support: Disabled
 Compressed Oops: Enabled (32-bit)
 Heap Region Size: 1M
 Heap Min Capacity: 8M
 Heap Initial Capacity: 62M
 Heap Max Capacity: 978M
 Pre-touch: Disabled
 Parallel Workers: 6
 Concurrent Workers: 2
 Concurrent Refinement Workers: 6
 Periodic GC: Disabled
Heap:
 garbage-first heap   total 164864K, used 77912K [0x00000000c2e00000, 0x0000000100000000)
  region size 1024K, 25 young (25600K), 5 survivors (5120K)
 Metaspace       used 24593K, committed 24960K, reserved 1114112K
  class space    used 3001K, committed 3200K, reserved 1048576K
GC Heap History (18 events):
Event: 5,513 GC heap before
{Heap before GC invocations=0 (full 0):
 garbage-first heap   total 65536K, used 24544K [0x00000000c2e00000, 0x0000000100000000)
  region size 1024K, 21 young (21504K), 0 survivors (0K)
 Metaspace       used 451K, committed 640K, reserved 1114112K
  class space    used 11K, committed 128K, reserved 1048576K
}
Event: 5,531 GC heap after
{Heap after GC invocations=1 (full 0):
 garbage-first heap   total 65536K, used 23484K [0x00000000c2e00000, 0x0000000100000000)
  region size 1024K, 3 young (3072K), 3 survivors (3072K)
 Metaspace       used 451K, committed 640K, reserved 1114112K
  class space    used 11K, committed 128K, reserved 1048576K
}
Event: 5,581 GC heap before
{Heap before GC invocations=1 (full 0):
 garbage-first heap   total 65536K, used 33724K [0x00000000c2e00000, 0x0000000100000000)
  region size 1024K, 12 young (12288K), 3 survivors (3072K)
 Metaspace       used 495K, committed 704K, reserved 1114112K
  class space    used 12K, committed 128K, reserved 1048576K
}
Event: 5,592 GC heap after
{Heap after GC invocations=2 (full 0):
 garbage-first heap   total 65536K, used 35169K [0x00000000c2e00000, 0x0000000100000000)
  region size 1024K, 2 young (2048K), 2 survivors (2048K)
 Metaspace       used 495K, committed 704K, reserved 1114112K
  class space    used 12K, committed 128K, reserved 1048576K
}
Event: 5,614 GC heap before
{Heap before GC invocations=2 (full 0):
 garbage-first heap   total 65536K, used 39265K [0x00000000c2e00000, 0x0000000100000000)
  region size 1024K, 7 young (7168K), 2 survivors (2048K)
 Metaspace       used 496K, committed 704K, reserved 1114112K
  class space    used 12K, committed 128K, reserved 1048576K
}
Event: 5,618 GC heap after
{Heap after GC invocations=3 (full 0):
 garbage-first heap   total 65536K, used 40056K [0x00000000c2e00000, 0x0000000100000000)
  region size 1024K, 1 young (1024K), 1 survivors (1024K)
 Metaspace       used 496K, committed 704K, reserved 1114112K
  class space    used 12K, committed 128K, reserved 1048576K
}
Event: 5,664 GC heap before
{Heap before GC invocations=3 (full 0):
 garbage-first heap   total 65536K, used 43128K [0x00000000c2e00000, 0x0000000100000000)
  region size 1024K, 5 young (5120K), 1 survivors (1024K)
 Metaspace       used 497K, committed 704K, reserved 1114112K
  class space    used 12K, committed 128K, reserved 1048576K
}
Event: 5,667 GC heap after
{Heap after GC invocations=4 (full 0):
 garbage-first heap   total 65536K, used 44376K [0x00000000c2e00000, 0x0000000100000000)
  region size 1024K, 1 young (1024K), 1 survivors (1024K)
 Metaspace       used 497K, committed 704K, reserved 1114112K
  class space    used 12K, committed 128K, reserved 1048576K
}
Event: 5,684 GC heap before
{Heap before GC invocations=5 (full 0):
 garbage-first heap   total 78848K, used 46424K [0x00000000c2e00000, 0x0000000100000000)
  region size 1024K, 4 young (4096K), 1 survivors (1024K)
 Metaspace       used 506K, committed 704K, reserved 1114112K
  class space    used 12K, committed 128K, reserved 1048576K
}
Event: 5,687 GC heap after
{Heap after GC invocations=6 (full 0):
 garbage-first heap   total 78848K, used 47502K [0x00000000c2e00000, 0x0000000100000000)
  region size 1024K, 1 young (1024K), 1 survivors (1024K)
 Metaspace       used 506K, committed 704K, reserved 1114112K
  class space    used 12K, committed 128K, reserved 1048576K
}
Event: 5,696 GC heap before
{Heap before GC invocations=6 (full 0):
 garbage-first heap   total 78848K, used 48526K [0x00000000c2e00000, 0x0000000100000000)
  region size 1024K, 3 young (3072K), 1 survivors (1024K)
 Metaspace       used 506K, committed 704K, reserved 1114112K
  class space    used 12K, committed 128K, reserved 1048576K
}
Event: 5,700 GC heap after
{Heap after GC invocations=7 (full 0):
 garbage-first heap   total 164864K, used 49282K [0x00000000c2e00000, 0x0000000100000000)
  region size 1024K, 1 young (1024K), 1 survivors (1024K)
 Metaspace       used 506K, committed 704K, reserved 1114112K
  class space    used 12K, committed 128K, reserved 1048576K
}
Event: 13,478 GC heap before
{Heap before GC invocations=7 (full 0):
 garbage-first heap   total 164864K, used 78978K [0x00000000c2e00000, 0x0000000100000000)
  region size 1024K, 31 young (31744K), 1 survivors (1024K)
 Metaspace       used 9868K, committed 10112K, reserved 1114112K
  class space    used 1155K, committed 1216K, reserved 1048576K
}
Event: 13,491 GC heap after
{Heap after GC invocations=8 (full 0):
 garbage-first heap   total 164864K, used 54005K [0x00000000c2e00000, 0x0000000100000000)
  region size 1024K, 4 young (4096K), 4 survivors (4096K)
 Metaspace       used 9868K, committed 10112K, reserved 1114112K
  class space    used 1155K, committed 1216K, reserved 1048576K
}
Event: 18,410 GC heap before
{Heap before GC invocations=8 (full 0):
 garbage-first heap   total 164864K, used 85749K [0x00000000c2e00000, 0x0000000100000000)
  region size 1024K, 36 young (36864K), 4 survivors (4096K)
 Metaspace       used 17699K, committed 17984K, reserved 1114112K
  class space    used 2103K, committed 2240K, reserved 1048576K
}
Event: 18,420 GC heap after
{Heap after GC invocations=9 (full 0):
 garbage-first heap   total 164864K, used 56801K [0x00000000c2e00000, 0x0000000100000000)
  region size 1024K, 3 young (3072K), 3 survivors (3072K)
 Metaspace       used 17699K, committed 17984K, reserved 1114112K
  class space    used 2103K, committed 2240K, reserved 1048576K
}
Event: 20,317 GC heap before
{Heap before GC invocations=9 (full 0):
 garbage-first heap   total 164864K, used 79329K [0x00000000c2e00000, 0x0000000100000000)
  region size 1024K, 27 young (27648K), 3 survivors (3072K)
 Metaspace       used 21278K, committed 21504K, reserved 1114112K
  class space    used 2551K, committed 2688K, reserved 1048576K
}
Event: 20,331 GC heap after
{Heap after GC invocations=10 (full 0):
 garbage-first heap   total 164864K, used 58456K [0x00000000c2e00000, 0x0000000100000000)
  region size 1024K, 5 young (5120K), 5 survivors (5120K)
 Metaspace       used 21278K, committed 21504K, reserved 1114112K
  class space    used 2551K, committed 2688K, reserved 1048576K
}

