# JRE version: OpenJDK Runtime Environment (19.0.2+7) (build 19.0.2+7-Ubuntu-0ubuntu322.10)
# Java VM: OpenJDK 64-Bit Server VM (19.0.2+7-Ubuntu-0ubuntu322.10, mixed mode, sharing, tiered, compressed oops, compressed class ptrs, g1 gc, linux-amd64)
GC Precious Log:
 CardTable entry size: 512
 Card Set container configuration: InlinePtr #cards 5 size 8 Array Of Cards #cards 12 size 40 Howl #buckets 4 coarsen threshold 1843 Howl Bitmap #cards 512 size 80 coarsen threshold 460 Card regions per heap region 1 cards per card region 2048
 CPUs: 8 total, 6 available
 Memory: 3905M
 Large Page Support: Disabled
 NUMA Support: Disabled
 Compressed Oops: Enabled (32-bit)
 Heap Region Size: 1M
 Heap Min Capacity: 8M
 Heap Initial Capacity: 62M
 Heap Max Capacity: 978M
 Pre-touch: Disabled
 Parallel Workers: 6
 Concurrent Workers: 2
 Concurrent Refinement Workers: 6
 Periodic GC: Disabled
Heap:
 garbage-first heap   total 174080K, used 84047K [0x00000000c2e00000, 0x0000000100000000)
  region size 1024K, 13 young (13312K), 6 survivors (6144K)
 Metaspace       used 74779K, committed 75456K, reserved 1179648K
  class space    used 9519K, committed 9856K, reserved 1048576K
GC Heap History (20 events):
Event: 17,572 GC heap before
{Heap before GC invocations=11 (full 0):
 garbage-first heap   total 144384K, used 86908K [0x00000000c2e00000, 0x0000000100000000)
  region size 1024K, 36 young (36864K), 3 survivors (3072K)
 Metaspace       used 21282K, committed 21504K, reserved 1114112K
  class space    used 2550K, committed 2688K, reserved 1048576K
}
Event: 17,585 GC heap after
{Heap after GC invocations=12 (full 0):
 garbage-first heap   total 144384K, used 57811K [0x00000000c2e00000, 0x0000000100000000)
  region size 1024K, 5 young (5120K), 5 survivors (5120K)
 Metaspace       used 21282K, committed 21504K, reserved 1114112K
  class space    used 2550K, committed 2688K, reserved 1048576K
}
Event: 28,376 GC heap before
{Heap before GC invocations=13 (full 0):
 garbage-first heap   total 144384K, used 94675K [0x00000000c2e00000, 0x0000000100000000)
  region size 1024K, 41 young (41984K), 5 survivors (5120K)
 Metaspace       used 28658K, committed 29056K, reserved 1114112K
  class space    used 3556K, committed 3712K, reserved 1048576K
}
Event: 28,401 GC heap after
{Heap after GC invocations=14 (full 0):
 garbage-first heap   total 144384K, used 61210K [0x00000000c2e00000, 0x0000000100000000)
  region size 1024K, 6 young (6144K), 6 survivors (6144K)
 Metaspace       used 28658K, committed 29056K, reserved 1114112K
  class space    used 3556K, committed 3712K, reserved 1048576K
}
Event: 28,754 GC heap before
{Heap before GC invocations=14 (full 0):
 garbage-first heap   total 144384K, used 62234K [0x00000000c2e00000, 0x0000000100000000)
  region size 1024K, 7 young (7168K), 6 survivors (6144K)
 Metaspace       used 29029K, committed 29440K, reserved 1114112K
  class space    used 3594K, committed 3776K, reserved 1048576K
}
Event: 28,773 GC heap after
{Heap after GC invocations=15 (full 0):
 garbage-first heap   total 144384K, used 62252K [0x00000000c2e00000, 0x0000000100000000)
  region size 1024K, 1 young (1024K), 1 survivors (1024K)
 Metaspace       used 29029K, committed 29440K, reserved 1114112K
  class space    used 3594K, committed 3776K, reserved 1048576K
}
Event: 34,819 GC heap before
{Heap before GC invocations=15 (full 0):
 garbage-first heap   total 144384K, used 90924K [0x00000000c2e00000, 0x0000000100000000)
  region size 1024K, 31 young (31744K), 1 survivors (1024K)
 Metaspace       used 35656K, committed 36096K, reserved 1114112K
  class space    used 4522K, committed 4736K, reserved 1048576K
}
Event: 34,827 GC heap after
{Heap after GC invocations=16 (full 0):
 garbage-first heap   total 144384K, used 63373K [0x00000000c2e00000, 0x0000000100000000)
  region size 1024K, 3 young (3072K), 3 survivors (3072K)
 Metaspace       used 35656K, committed 36096K, reserved 1114112K
  class space    used 4522K, committed 4736K, reserved 1048576K
}
Event: 41,146 GC heap before
{Heap before GC invocations=17 (full 0):
 garbage-first heap   total 144384K, used 102285K [0x00000000c2e00000, 0x0000000100000000)
  region size 1024K, 42 young (43008K), 3 survivors (3072K)
 Metaspace       used 50086K, committed 50560K, reserved 1114112K
  class space    used 6369K, committed 6592K, reserved 1048576K
}
Event: 41,156 GC heap after
{Heap after GC invocations=18 (full 0):
 garbage-first heap   total 144384K, used 66682K [0x00000000c2e00000, 0x0000000100000000)
  region size 1024K, 6 young (6144K), 6 survivors (6144K)
 Metaspace       used 50086K, committed 50560K, reserved 1114112K
  class space    used 6369K, committed 6592K, reserved 1048576K
}
Event: 43,897 GC heap before
{Heap before GC invocations=18 (full 0):
 garbage-first heap   total 144384K, used 106618K [0x00000000c2e00000, 0x0000000100000000)
  region size 1024K, 45 young (46080K), 6 survivors (6144K)
 Metaspace       used 58718K, committed 59264K, reserved 1114112K
  class space    used 7607K, committed 7872K, reserved 1048576K
}
Event: 43,946 GC heap after
{Heap after GC invocations=19 (full 0):
 garbage-first heap   total 144384K, used 69398K [0x00000000c2e00000, 0x0000000100000000)
  region size 1024K, 3 young (3072K), 3 survivors (3072K)
 Metaspace       used 58718K, committed 59264K, reserved 1114112K
  class space    used 7607K, committed 7872K, reserved 1048576K
}
Event: 45,014 GC heap before
{Heap before GC invocations=19 (full 0):
 garbage-first heap   total 144384K, used 74518K [0x00000000c2e00000, 0x0000000100000000)
  region size 1024K, 9 young (9216K), 3 survivors (3072K)
 Metaspace       used 60129K, committed 60608K, reserved 1114112K
  class space    used 7782K, committed 8000K, reserved 1048576K
}
Event: 45,022 GC heap after
{Heap after GC invocations=20 (full 0):
 garbage-first heap   total 144384K, used 69572K [0x00000000c2e00000, 0x0000000100000000)
  region size 1024K, 3 young (3072K), 3 survivors (3072K)
 Metaspace       used 60129K, committed 60608K, reserved 1114112K
  class space    used 7782K, committed 8000K, reserved 1048576K
}
Event: 51,892 GC heap before
{Heap before GC invocations=21 (full 0):
 garbage-first heap   total 144384K, used 112580K [0x00000000c2e00000, 0x0000000100000000)
  region size 1024K, 45 young (46080K), 3 survivors (3072K)
 Metaspace       used 64415K, committed 64960K, reserved 1114112K
  class space    used 8318K, committed 8576K, reserved 1048576K
}
Event: 51,918 GC heap after
{Heap after GC invocations=22 (full 0):
 garbage-first heap   total 174080K, used 73063K [0x00000000c2e00000, 0x0000000100000000)
  region size 1024K, 6 young (6144K), 6 survivors (6144K)
 Metaspace       used 64415K, committed 64960K, reserved 1114112K
  class space    used 8318K, committed 8576K, reserved 1048576K
}
Event: 51,986 GC heap before
{Heap before GC invocations=22 (full 0):
 garbage-first heap   total 174080K, used 75111K [0x00000000c2e00000, 0x0000000100000000)
  region size 1024K, 8 young (8192K), 6 survivors (6144K)
 Metaspace       used 64499K, committed 65024K, reserved 1114112K
  class space    used 8323K, committed 8576K, reserved 1048576K
}
Event: 52,008 GC heap after
{Heap after GC invocations=23 (full 0):
 garbage-first heap   total 174080K, used 73695K [0x00000000c2e00000, 0x0000000100000000)
  region size 1024K, 1 young (1024K), 1 survivors (1024K)
 Metaspace       used 64499K, committed 65024K, reserved 1114112K
  class space    used 8323K, committed 8576K, reserved 1048576K
}
Event: 384,771 GC heap before
{Heap before GC invocations=23 (full 0):
 garbage-first heap   total 174080K, used 128991K [0x00000000c2e00000, 0x0000000100000000)
  region size 1024K, 56 young (57344K), 1 survivors (1024K)
 Metaspace       used 73415K, committed 74112K, reserved 1114112K
  class space    used 9344K, committed 9664K, reserved 1048576K
}
Event: 384,781 GC heap after
{Heap after GC invocations=24 (full 0):
 garbage-first heap   total 174080K, used 77903K [0x00000000c2e00000, 0x0000000100000000)
  region size 1024K, 6 young (6144K), 6 survivors (6144K)
 Metaspace       used 73415K, committed 74112K, reserved 1114112K
  class space    used 9344K, committed 9664K, reserved 1048576K
}

