# JRE version: OpenJDK Runtime Environment (19.0.2+7) (build 19.0.2+7-Ubuntu-0ubuntu322.10)
# Java VM: OpenJDK 64-Bit Server VM (19.0.2+7-Ubuntu-0ubuntu322.10, mixed mode, sharing, tiered, compressed oops, compressed class ptrs, g1 gc, linux-amd64)
GC Precious Log:
 CardTable entry size: 512
 Card Set container configuration: InlinePtr #cards 5 size 8 Array Of Cards #cards 12 size 40 Howl #buckets 4 coarsen threshold 1843 Howl Bitmap #cards 512 size 80 coarsen threshold 460 Card regions per heap region 1 cards per card region 2048
 CPUs: 8 total, 6 available
 Memory: 3905M
 Large Page Support: Disabled
 NUMA Support: Disabled
 Compressed Oops: Enabled (32-bit)
 Heap Region Size: 1M
 Heap Min Capacity: 8M
 Heap Initial Capacity: 62M
 Heap Max Capacity: 978M
 Pre-touch: Disabled
 Parallel Workers: 6
 Concurrent Workers: 2
 Concurrent Refinement Workers: 6
 Periodic GC: Disabled
Heap:
 garbage-first heap   total 141312K, used 79952K [0x00000000c2e00000, 0x0000000100000000)
  region size 1024K, 20 young (20480K), 3 survivors (3072K)
 Metaspace       used 43249K, committed 43712K, reserved 1114112K
  class space    used 5362K, committed 5568K, reserved 1048576K
GC Heap History (20 events):
Event: 5,041 GC heap before
{Heap before GC invocations=4 (full 0):
 garbage-first heap   total 70656K, used 42781K [0x00000000c2e00000, 0x0000000100000000)
  region size 1024K, 5 young (5120K), 1 survivors (1024K)
 Metaspace       used 590K, committed 768K, reserved 1114112K
  class space    used 22K, committed 128K, reserved 1048576K
}
Event: 5,047 GC heap after
{Heap after GC invocations=5 (full 0):
 garbage-first heap   total 70656K, used 43711K [0x00000000c2e00000, 0x0000000100000000)
  region size 1024K, 1 young (1024K), 1 survivors (1024K)
 Metaspace       used 590K, committed 768K, reserved 1114112K
  class space    used 22K, committed 128K, reserved 1048576K
}
Event: 5,061 GC heap before
{Heap before GC invocations=5 (full 0):
 garbage-first heap   total 70656K, used 44735K [0x00000000c2e00000, 0x0000000100000000)
  region size 1024K, 3 young (3072K), 1 survivors (1024K)
 Metaspace       used 612K, committed 832K, reserved 1114112K
  class space    used 24K, committed 128K, reserved 1048576K
}
Event: 5,065 GC heap after
{Heap after GC invocations=6 (full 0):
 garbage-first heap   total 70656K, used 45320K [0x00000000c2e00000, 0x0000000100000000)
  region size 1024K, 1 young (1024K), 1 survivors (1024K)
 Metaspace       used 612K, committed 832K, reserved 1114112K
  class space    used 24K, committed 128K, reserved 1048576K
}
Event: 5,118 GC heap before
{Heap before GC invocations=6 (full 0):
 garbage-first heap   total 70656K, used 48392K [0x00000000c2e00000, 0x0000000100000000)
  region size 1024K, 5 young (5120K), 1 survivors (1024K)
 Metaspace       used 694K, committed 896K, reserved 1114112K
  class space    used 29K, committed 128K, reserved 1048576K
}
Event: 5,123 GC heap after
{Heap after GC invocations=7 (full 0):
 garbage-first heap   total 141312K, used 49205K [0x00000000c2e00000, 0x0000000100000000)
  region size 1024K, 1 young (1024K), 1 survivors (1024K)
 Metaspace       used 694K, committed 896K, reserved 1114112K
  class space    used 29K, committed 128K, reserved 1048576K
}
Event: 18,710 GC heap before
{Heap before GC invocations=8 (full 0):
 garbage-first heap   total 141312K, used 71733K [0x00000000c2e00000, 0x0000000100000000)
  region size 1024K, 24 young (24576K), 1 survivors (1024K)
 Metaspace       used 8171K, committed 8384K, reserved 1114112K
  class space    used 950K, committed 1024K, reserved 1048576K
}
Event: 18,737 GC heap after
{Heap after GC invocations=9 (full 0):
 garbage-first heap   total 141312K, used 52915K [0x00000000c2e00000, 0x0000000100000000)
  region size 1024K, 3 young (3072K), 3 survivors (3072K)
 Metaspace       used 8171K, committed 8384K, reserved 1114112K
  class space    used 950K, committed 1024K, reserved 1048576K
}
Event: 19,429 GC heap before
{Heap before GC invocations=9 (full 0):
 garbage-first heap   total 141312K, used 54963K [0x00000000c2e00000, 0x0000000100000000)
  region size 1024K, 6 young (6144K), 3 survivors (3072K)
 Metaspace       used 9060K, committed 9280K, reserved 1114112K
  class space    used 1068K, committed 1152K, reserved 1048576K
}
Event: 19,437 GC heap after
{Heap after GC invocations=10 (full 0):
 garbage-first heap   total 141312K, used 53086K [0x00000000c2e00000, 0x0000000100000000)
  region size 1024K, 1 young (1024K), 1 survivors (1024K)
 Metaspace       used 9060K, committed 9280K, reserved 1114112K
  class space    used 1068K, committed 1152K, reserved 1048576K
}
Event: 26,911 GC heap before
{Heap before GC invocations=10 (full 0):
 garbage-first heap   total 141312K, used 76638K [0x00000000c2e00000, 0x0000000100000000)
  region size 1024K, 25 young (25600K), 1 survivors (1024K)
 Metaspace       used 15526K, committed 15744K, reserved 1114112K
  class space    used 1888K, committed 1984K, reserved 1048576K
}
Event: 26,918 GC heap after
{Heap after GC invocations=11 (full 0):
 garbage-first heap   total 141312K, used 54553K [0x00000000c2e00000, 0x0000000100000000)
  region size 1024K, 2 young (2048K), 2 survivors (2048K)
 Metaspace       used 15526K, committed 15744K, reserved 1114112K
  class space    used 1888K, committed 1984K, reserved 1048576K
}
Event: 32,921 GC heap before
{Heap before GC invocations=11 (full 0):
 garbage-first heap   total 141312K, used 87321K [0x00000000c2e00000, 0x0000000100000000)
  region size 1024K, 35 young (35840K), 2 survivors (2048K)
 Metaspace       used 21064K, committed 21312K, reserved 1114112K
  class space    used 2532K, committed 2624K, reserved 1048576K
}
Event: 32,935 GC heap after
{Heap after GC invocations=12 (full 0):
 garbage-first heap   total 141312K, used 57427K [0x00000000c2e00000, 0x0000000100000000)
  region size 1024K, 5 young (5120K), 5 survivors (5120K)
 Metaspace       used 21064K, committed 21312K, reserved 1114112K
  class space    used 2532K, committed 2624K, reserved 1048576K
}
Event: 33,100 GC heap before
{Heap before GC invocations=12 (full 0):
 garbage-first heap   total 141312K, used 57427K [0x00000000c2e00000, 0x0000000100000000)
  region size 1024K, 7 young (7168K), 5 survivors (5120K)
 Metaspace       used 21283K, committed 21504K, reserved 1114112K
  class space    used 2557K, committed 2688K, reserved 1048576K
}
Event: 33,115 GC heap after
{Heap after GC invocations=13 (full 0):
 garbage-first heap   total 141312K, used 58031K [0x00000000c2e00000, 0x0000000100000000)
  region size 1024K, 1 young (1024K), 1 survivors (1024K)
 Metaspace       used 21283K, committed 21504K, reserved 1114112K
  class space    used 2557K, committed 2688K, reserved 1048576K
}
Event: 41,981 GC heap before
{Heap before GC invocations=14 (full 0):
 garbage-first heap   total 141312K, used 94895K [0x00000000c2e00000, 0x0000000100000000)
  region size 1024K, 37 young (37888K), 1 survivors (1024K)
 Metaspace       used 28334K, committed 28736K, reserved 1114112K
  class space    used 3516K, committed 3712K, reserved 1048576K
}
Event: 41,995 GC heap after
{Heap after GC invocations=15 (full 0):
 garbage-first heap   total 141312K, used 61038K [0x00000000c2e00000, 0x0000000100000000)
  region size 1024K, 4 young (4096K), 4 survivors (4096K)
 Metaspace       used 28334K, committed 28736K, reserved 1114112K
  class space    used 3516K, committed 3712K, reserved 1048576K
}
Event: 60,522 GC heap before
{Heap before GC invocations=15 (full 0):
 garbage-first heap   total 141312K, used 91758K [0x00000000c2e00000, 0x0000000100000000)
  region size 1024K, 35 young (35840K), 4 survivors (4096K)
 Metaspace       used 35505K, committed 35968K, reserved 1114112K
  class space    used 4483K, committed 4736K, reserved 1048576K
}
Event: 60,538 GC heap after
{Heap after GC invocations=16 (full 0):
 garbage-first heap   total 141312K, used 63568K [0x00000000c2e00000, 0x0000000100000000)
  region size 1024K, 3 young (3072K), 3 survivors (3072K)
 Metaspace       used 35505K, committed 35968K, reserved 1114112K
  class space    used 4483K, committed 4736K, reserved 1048576K
}

